<?xml version="1.0" encoding="UTF-8"?>
<!-- Generated by org.testng.reporters.JUnitReportReporter -->
<testsuite hostname="Naresh" failures="0" tests="1" name="com.application.scripts.BrowserTest" time="7.106" errors="0" timestamp="2023-02-10T21:00:05 IST" skipped="0">
  <testcase classname="com.application.scripts.BrowserTest" name="browserMethods" time="7.106"/>
  <system-out/>
</testsuite> <!-- com.application.scripts.BrowserTest -->
